<?xml version="1.0" encoding="UTF-8"?>
<!-- Generated by org.testng.reporters.JUnitReportReporter -->
<testsuite skipped="0" hostname="LAPTOP-H1U24GRC" name="com.TestVagrant.SampleTests.SignInTest" tests="1" failures="0" timestamp="29 Dec 2018 19:28:22 GMT" time="6.055" errors="0">
  <testcase name="shouldThrowAnErrorIfSignInDetailsAreMissing" time="6.055" classname="com.TestVagrant.SampleTests.SignInTest"/>
</testsuite> <!-- com.TestVagrant.SampleTests.SignInTest -->
