<?xml version="1.0" encoding="UTF-8"?>
<!-- Generated by org.testng.reporters.JUnitReportReporter -->
<testsuite skipped="0" hostname="LAPTOP-H1U24GRC" name="com.TestVagrant.SampleTests.HotelBookingTest_New" tests="1" failures="0" timestamp="29 Dec 2018 20:58:24 GMT" time="13.185" errors="0">
  <testcase name="shouldBeAbleToSearchForHotels" time="13.185" classname="com.TestVagrant.SampleTests.HotelBookingTest_New"/>
</testsuite> <!-- com.TestVagrant.SampleTests.HotelBookingTest_New -->
