<?xml version="1.0" encoding="UTF-8"?>
<!-- Generated by org.testng.reporters.JUnitReportReporter -->
<testsuite skipped="0" hostname="LAPTOP-H1U24GRC" name="com.TestVagrant.SampleTests.HotelBookingTest" tests="1" failures="0" timestamp="30 Dec 2018 04:25:44 GMT" time="8.457" errors="0">
  <testcase name="shouldBeAbleToSearchForHotels" time="8.457" classname="com.TestVagrant.SampleTests.HotelBookingTest"/>
</testsuite> <!-- com.TestVagrant.SampleTests.HotelBookingTest -->
