<?xml version="1.0" encoding="UTF-8"?>
<!-- Generated by org.testng.reporters.JUnitReportReporter -->
<testsuite skipped="0" hostname="LAPTOP-H1U24GRC" name="com.TestVagrant.SampleTests.SignInTest" tests="1" failures="0" timestamp="30 Dec 2018 04:25:44 GMT" time="4.466" errors="0">
  <testcase name="shouldThrowAnErrorIfSignInDetailsAreMissing" time="4.466" classname="com.TestVagrant.SampleTests.SignInTest"/>
</testsuite> <!-- com.TestVagrant.SampleTests.SignInTest -->
