<?xml version="1.0" encoding="UTF-8"?>
<!-- Generated by org.testng.reporters.JUnitReportReporter -->
<testsuite skipped="0" hostname="LAPTOP-H1U24GRC" name="com.TestVagrant.SampleTests.FlightBookingTest" tests="1" failures="0" timestamp="30 Dec 2018 04:25:44 GMT" time="19.329" errors="0">
  <testcase name="testThatResultsAppearForAOneWayJourney" time="19.329" classname="com.TestVagrant.SampleTests.FlightBookingTest"/>
</testsuite> <!-- com.TestVagrant.SampleTests.FlightBookingTest -->
